Started at Tue Apr 02 08:52:33 UTC 2024
Processing drftgyhuj
Offering drftgyhuj to Project Build Discarder
Processing jops
Offering jops to Project Build Discarder
Processing pip
Offering pip to Project Build Discarder
Finished at Tue Apr 02 08:52:33 UTC 2024. 34ms
Started at Tue Apr 02 09:52:33 UTC 2024
Processing drftgyhuj
Offering drftgyhuj to Project Build Discarder
Processing jops
Offering jops to Project Build Discarder
Processing pip
Offering pip to Project Build Discarder
Finished at Tue Apr 02 09:52:33 UTC 2024. 16ms
Started at Tue Apr 02 11:16:47 UTC 2024
Processing drftgyhuj
Offering drftgyhuj to Project Build Discarder
Processing jops
Offering jops to Project Build Discarder
Processing pip
Offering pip to Project Build Discarder
Finished at Tue Apr 02 11:16:47 UTC 2024. 17ms
Started at Tue Apr 02 12:27:37 UTC 2024
Processing drftgyhuj
Offering drftgyhuj to Project Build Discarder
Processing jops
Offering jops to Project Build Discarder
Processing pip
Offering pip to Project Build Discarder
Finished at Tue Apr 02 12:27:37 UTC 2024. 10ms
